FamilyFD/build/outputs/logs/manifest-merger-debug-report.txt
-- Merging decision tree log ---
manifest
ADDED from Joker\FamilyFD\AndroidManifest.xml:2:1-64:12
	xmlns:android
		ADDED from Joker\FamilyFD\AndroidManifest.xml:2:11-69
	package
		ADDED from Joker\FamilyFD\AndroidManifest.xml:3:5-35
	android:versionName
		ADDED from Joker\FamilyFD\AndroidManifest.xml:5:5-30
		INJECTED from Joker\FamilyFD\AndroidManifest.xml
		INJECTED from Joker\FamilyFD\AndroidManifest.xml
	android:versionCode
		ADDED from Joker\FamilyFD\AndroidManifest.xml:4:5-28
		INJECTED from Joker\FamilyFD\AndroidManifest.xml
		INJECTED from Joker\FamilyFD\AndroidManifest.xml
uses-sdk
ADDED from Joker\FamilyFD\AndroidManifest.xml:7:5-9:41
MERGED from [Joker:SlidingMenu_library:unspecified] AndroidManifest.xml:7:5-9:41
MERGED from [Joker:ActionBarSherlock_lib:unspecified] AndroidManifest.xml:7:5-9:41
MERGED from [Joker:Android-PullToRefresh_library:unspecified] AndroidManifest.xml:7:5-43
	android:targetSdkVersion
		ADDED from Joker\FamilyFD\AndroidManifest.xml:9:9-38
	android:minSdkVersion
		ADDED from Joker\FamilyFD\AndroidManifest.xml:8:9-35
uses-permission#android.permission.INTERNET
ADDED from Joker\FamilyFD\AndroidManifest.xml:11:5-67
	android:name
		ADDED from Joker\FamilyFD\AndroidManifest.xml:11:22-64
application
ADDED from Joker\FamilyFD\AndroidManifest.xml:13:5-62:19
MERGED from [Joker:ActionBarSherlock_lib:unspecified] AndroidManifest.xml:11:5-20
MERGED from [Joker:Android-PullToRefresh_library:unspecified] AndroidManifest.xml:9:5-20
	android:label
		ADDED from Joker\FamilyFD\AndroidManifest.xml:17:9-41
	android:allowBackup
		ADDED from Joker\FamilyFD\AndroidManifest.xml:15:9-35
	android:icon
		ADDED from Joker\FamilyFD\AndroidManifest.xml:16:9-44
	android:theme
		ADDED from Joker\FamilyFD\AndroidManifest.xml:18:9-40
	android:name
		ADDED from Joker\FamilyFD\AndroidManifest.xml:14:9-62
activity#com.example.familyfd.MainActivity
ADDED from Joker\FamilyFD\AndroidManifest.xml:19:9-27:20
	android:label
		ADDED from Joker\FamilyFD\AndroidManifest.xml:21:13-45
	android:name
		ADDED from Joker\FamilyFD\AndroidManifest.xml:20:13-61
intent-filter#android.intent.action.MAIN+android.intent.category.LAUNCHER
ADDED from Joker\FamilyFD\AndroidManifest.xml:22:13-26:29
action#android.intent.action.MAIN
ADDED from Joker\FamilyFD\AndroidManifest.xml:23:17-69
	android:name
		ADDED from Joker\FamilyFD\AndroidManifest.xml:23:25-66
category#android.intent.category.LAUNCHER
ADDED from Joker\FamilyFD\AndroidManifest.xml:25:17-77
	android:name
		ADDED from Joker\FamilyFD\AndroidManifest.xml:25:27-74
activity#com.example.familyfd.LoginActivity
ADDED from Joker\FamilyFD\AndroidManifest.xml:28:9-71
	android:name
		ADDED from Joker\FamilyFD\AndroidManifest.xml:28:19-68
activity#com.example.familyfd.RegisterActivity
ADDED from Joker\FamilyFD\AndroidManifest.xml:29:9-74
	android:name
		ADDED from Joker\FamilyFD\AndroidManifest.xml:29:19-71
activity#com.example.familyfd.HelpActivity
ADDED from Joker\FamilyFD\AndroidManifest.xml:30:9-70
	android:name
		ADDED from Joker\FamilyFD\AndroidManifest.xml:30:19-67
activity#com.example.familyfd.UserCenterActivity
ADDED from Joker\FamilyFD\AndroidManifest.xml:31:9-76
	android:name
		ADDED from Joker\FamilyFD\AndroidManifest.xml:31:19-73
activity#com.example.familyfd.AccountsetActivity
ADDED from Joker\FamilyFD\AndroidManifest.xml:32:9-76
	android:name
		ADDED from Joker\FamilyFD\AndroidManifest.xml:32:19-73
activity#com.example.familyfd.NotisetActivity
ADDED from Joker\FamilyFD\AndroidManifest.xml:33:9-73
	android:name
		ADDED from Joker\FamilyFD\AndroidManifest.xml:33:19-70
activity#com.example.familyfd.RiskAppetiteActivity
ADDED from Joker\FamilyFD\AndroidManifest.xml:34:9-78
	android:name
		ADDED from Joker\FamilyFD\AndroidManifest.xml:34:19-75
activity#com.example.familyfd.FinanceDiagnosisBeforeActivity
ADDED from Joker\FamilyFD\AndroidManifest.xml:35:9-88
	android:name
		ADDED from Joker\FamilyFD\AndroidManifest.xml:35:19-85
activity#com.example.familyfd.FinanceDiagnosisFamilyActivity
ADDED from Joker\FamilyFD\AndroidManifest.xml:36:9-88
	android:name
		ADDED from Joker\FamilyFD\AndroidManifest.xml:36:19-85
activity#com.example.familyfd.FinanceDiagnosisBalanceSheet
ADDED from Joker\FamilyFD\AndroidManifest.xml:37:9-86
	android:name
		ADDED from Joker\FamilyFD\AndroidManifest.xml:37:19-83
activity#com.example.familyfd.FinanceDiagnosisIESheet
ADDED from Joker\FamilyFD\AndroidManifest.xml:38:9-81
	android:name
		ADDED from Joker\FamilyFD\AndroidManifest.xml:38:19-78
activity#com.example.familyfd.AboutActivity
ADDED from Joker\FamilyFD\AndroidManifest.xml:39:9-71
	android:name
		ADDED from Joker\FamilyFD\AndroidManifest.xml:39:19-68
activity#com.example.familyfd.OrganizationDetailActivity
ADDED from Joker\FamilyFD\AndroidManifest.xml:40:9-84
	android:name
		ADDED from Joker\FamilyFD\AndroidManifest.xml:40:19-81
activity#com.example.familyfd.OrganizationIndexlActivity
ADDED from Joker\FamilyFD\AndroidManifest.xml:41:9-84
	android:name
		ADDED from Joker\FamilyFD\AndroidManifest.xml:41:19-81
activity#com.example.familyfd.OfflineOrderActivity
ADDED from Joker\FamilyFD\AndroidManifest.xml:42:9-78
	android:name
		ADDED from Joker\FamilyFD\AndroidManifest.xml:42:19-75
activity#com.example.familyfd.VisitingCardActivity
ADDED from Joker\FamilyFD\AndroidManifest.xml:43:9-78
	android:name
		ADDED from Joker\FamilyFD\AndroidManifest.xml:43:19-75
activity#com.example.familyfd.InsurancePlanActivity
ADDED from Joker\FamilyFD\AndroidManifest.xml:44:9-79
	android:name
		ADDED from Joker\FamilyFD\AndroidManifest.xml:44:19-76
activity#com.example.familyfd.InsuranceReportActivity
ADDED from Joker\FamilyFD\AndroidManifest.xml:45:9-81
	android:name
		ADDED from Joker\FamilyFD\AndroidManifest.xml:45:19-78
activity#com.example.familyfd.CashPlanActivity
ADDED from Joker\FamilyFD\AndroidManifest.xml:46:9-74
	android:name
		ADDED from Joker\FamilyFD\AndroidManifest.xml:46:19-71
activity#com.example.familyfd.EducationPlanActivity
ADDED from Joker\FamilyFD\AndroidManifest.xml:47:9-79
	android:name
		ADDED from Joker\FamilyFD\AndroidManifest.xml:47:19-76
activity#com.example.familyfd.EducationReportActivity
ADDED from Joker\FamilyFD\AndroidManifest.xml:48:9-81
	android:name
		ADDED from Joker\FamilyFD\AndroidManifest.xml:48:19-78
activity#com.example.familyfd.PasturePlanActivity
ADDED from Joker\FamilyFD\AndroidManifest.xml:49:9-77
	android:name
		ADDED from Joker\FamilyFD\AndroidManifest.xml:49:19-74
activity#com.example.familyfd.PastureReportActivity
ADDED from Joker\FamilyFD\AndroidManifest.xml:50:9-79
	android:name
		ADDED from Joker\FamilyFD\AndroidManifest.xml:50:19-76
activity#com.example.familyfd.InvestPlanActivity
ADDED from Joker\FamilyFD\AndroidManifest.xml:51:9-76
	android:name
		ADDED from Joker\FamilyFD\AndroidManifest.xml:51:19-73
activity#com.example.familyfd.HousePlanActivity
ADDED from Joker\FamilyFD\AndroidManifest.xml:52:9-75
	android:name
		ADDED from Joker\FamilyFD\AndroidManifest.xml:52:19-72
activity#com.example.familyfd.CarsPlanActivity
ADDED from Joker\FamilyFD\AndroidManifest.xml:53:9-74
	android:name
		ADDED from Joker\FamilyFD\AndroidManifest.xml:53:19-71
activity#com.example.familyfd.MoreActivity
ADDED from Joker\FamilyFD\AndroidManifest.xml:54:9-70
	android:name
		ADDED from Joker\FamilyFD\AndroidManifest.xml:54:19-67
activity#com.example.familyfd.MyDivisionActivity
ADDED from Joker\FamilyFD\AndroidManifest.xml:55:9-76
	android:name
		ADDED from Joker\FamilyFD\AndroidManifest.xml:55:19-73
activity#com.example.familyfd.FinanceReportActivity
ADDED from Joker\FamilyFD\AndroidManifest.xml:56:9-79
	android:name
		ADDED from Joker\FamilyFD\AndroidManifest.xml:56:19-76
activity#com.example.familyfd.CreditCardListActivity
ADDED from Joker\FamilyFD\AndroidManifest.xml:57:9-80
	android:name
		ADDED from Joker\FamilyFD\AndroidManifest.xml:57:19-77
activity#com.example.familyfd.CreditCardDetailActivity
ADDED from Joker\FamilyFD\AndroidManifest.xml:58:9-82
	android:name
		ADDED from Joker\FamilyFD\AndroidManifest.xml:58:19-79
activity#com.example.familyfd.InsuranceListActivity
ADDED from Joker\FamilyFD\AndroidManifest.xml:59:9-79
	android:name
		ADDED from Joker\FamilyFD\AndroidManifest.xml:59:19-76
activity#com.example.familyfd.InsuranceDetailActivity
ADDED from Joker\FamilyFD\AndroidManifest.xml:60:9-81
	android:name
		ADDED from Joker\FamilyFD\AndroidManifest.xml:60:19-78
activity#com.example.familyfd.FundListActivity
ADDED from Joker\FamilyFD\AndroidManifest.xml:61:9-74
	android:name
		ADDED from Joker\FamilyFD\AndroidManifest.xml:61:19-71